{"/workspaces/CS618/backend/src/db/init.js": {"path":"/workspaces/CS618/backend/src/db/init.js","statementMap":{"0":{"start":{"line":3,"column":23},"end":{"line":3,"column":47}},"1":{"start":{"line":4,"column":2},"end":{"line":6,"column":5}},"2":{"start":{"line":5,"column":4},"end":{"line":5,"column":70}},"3":{"start":{"line":7,"column":21},"end":{"line":7,"column":51}},"4":{"start":{"line":8,"column":2},"end":{"line":8,"column":20}}},"fnMap":{"0":{"name":"initDatabase","decl":{"start":{"line":2,"column":16},"end":{"line":2,"column":28}},"loc":{"start":{"line":2,"column":31},"end":{"line":9,"column":1}},"line":2},"1":{"name":"(anonymous_1)","decl":{"start":{"line":4,"column":33},"end":{"line":4,"column":34}},"loc":{"start":{"line":4,"column":39},"end":{"line":6,"column":3}},"line":4}},"branchMap":{},"s":{"0":1,"1":1,"2":1,"3":1,"4":1},"f":{"0":1,"1":1},"b":{},"_coverageSchema":"1a1c01bbd47fc00a2c39e90264f33305004495a9","hash":"f2a3065bbd0cabeac719605d3b5f9c3b4eed4ee4"}
,"/workspaces/CS618/backend/src/db/models/post.js": {"path":"/workspaces/CS618/backend/src/db/models/post.js","statementMap":{"0":{"start":{"line":2,"column":19},"end":{"line":10,"column":1}},"1":{"start":{"line":11,"column":20},"end":{"line":11,"column":54}}},"fnMap":{},"branchMap":{},"s":{"0":1,"1":1},"f":{},"b":{},"_coverageSchema":"1a1c01bbd47fc00a2c39e90264f33305004495a9","hash":"53fe2141ab8e8f992bc370606ee43dc9e3072cbe"}
,"/workspaces/CS618/backend/src/db/models/user.js": {"path":"/workspaces/CS618/backend/src/db/models/user.js","statementMap":{"0":{"start":{"line":2,"column":19},"end":{"line":5,"column":2}},"1":{"start":{"line":6,"column":20},"end":{"line":6,"column":54}}},"fnMap":{},"branchMap":{},"s":{"0":1,"1":1},"f":{},"b":{},"_coverageSchema":"1a1c01bbd47fc00a2c39e90264f33305004495a9","hash":"8e8d80c9e8c4d8edbd1b2ac70706554840ec6c34"}
,"/workspaces/CS618/backend/src/services/posts.js": {"path":"/workspaces/CS618/backend/src/services/posts.js","statementMap":{"0":{"start":{"line":5,"column":15},"end":{"line":5,"column":66}},"1":{"start":{"line":6,"column":2},"end":{"line":6,"column":27}},"2":{"start":{"line":13,"column":2},"end":{"line":13,"column":62}},"3":{"start":{"line":16,"column":2},"end":{"line":16,"column":38}},"4":{"start":{"line":19,"column":15},"end":{"line":19,"column":63}},"5":{"start":{"line":20,"column":2},"end":{"line":20,"column":22}},"6":{"start":{"line":20,"column":13},"end":{"line":20,"column":22}},"7":{"start":{"line":21,"column":2},"end":{"line":21,"column":56}},"8":{"start":{"line":24,"column":2},"end":{"line":24,"column":44}},"9":{"start":{"line":28,"column":2},"end":{"line":28,"column":37}},"10":{"start":{"line":31,"column":2},"end":{"line":35,"column":4}},"11":{"start":{"line":38,"column":2},"end":{"line":38,"column":63}}},"fnMap":{"0":{"name":"createPost","decl":{"start":{"line":4,"column":22},"end":{"line":4,"column":32}},"loc":{"start":{"line":4,"column":68},"end":{"line":7,"column":1}},"line":4},"1":{"name":"listPosts","decl":{"start":{"line":9,"column":15},"end":{"line":9,"column":24}},"loc":{"start":{"line":12,"column":2},"end":{"line":14,"column":1}},"line":12},"2":{"name":"listAllPosts","decl":{"start":{"line":15,"column":22},"end":{"line":15,"column":34}},"loc":{"start":{"line":15,"column":44},"end":{"line":17,"column":1}},"line":15},"3":{"name":"listPostsByAuthor","decl":{"start":{"line":18,"column":22},"end":{"line":18,"column":39}},"loc":{"start":{"line":18,"column":65},"end":{"line":22,"column":1}},"line":18},"4":{"name":"listPostsByTag","decl":{"start":{"line":23,"column":22},"end":{"line":23,"column":36}},"loc":{"start":{"line":23,"column":52},"end":{"line":25,"column":1}},"line":23},"5":{"name":"getPostById","decl":{"start":{"line":27,"column":22},"end":{"line":27,"column":33}},"loc":{"start":{"line":27,"column":42},"end":{"line":29,"column":1}},"line":27},"6":{"name":"updatePost","decl":{"start":{"line":30,"column":22},"end":{"line":30,"column":32}},"loc":{"start":{"line":30,"column":76},"end":{"line":36,"column":1}},"line":30},"7":{"name":"deletePost","decl":{"start":{"line":37,"column":22},"end":{"line":37,"column":32}},"loc":{"start":{"line":37,"column":49},"end":{"line":39,"column":1}},"line":37}},"branchMap":{"0":{"loc":{"start":{"line":10,"column":2},"end":{"line":10,"column":12}},"type":"default-arg","locations":[{"start":{"line":10,"column":10},"end":{"line":10,"column":12}}],"line":10},"1":{"loc":{"start":{"line":11,"column":2},"end":{"line":11,"column":57}},"type":"default-arg","locations":[{"start":{"line":11,"column":55},"end":{"line":11,"column":57}}],"line":11},"2":{"loc":{"start":{"line":11,"column":4},"end":{"line":11,"column":24}},"type":"default-arg","locations":[{"start":{"line":11,"column":13},"end":{"line":11,"column":24}}],"line":11},"3":{"loc":{"start":{"line":11,"column":26},"end":{"line":11,"column":50}},"type":"default-arg","locations":[{"start":{"line":11,"column":38},"end":{"line":11,"column":50}}],"line":11},"4":{"loc":{"start":{"line":20,"column":2},"end":{"line":20,"column":22}},"type":"if","locations":[{"start":{"line":20,"column":2},"end":{"line":20,"column":22}},{"start":{},"end":{}}],"line":20}},"s":{"0":0,"1":0,"2":0,"3":0,"4":0,"5":0,"6":0,"7":0,"8":0,"9":0,"10":0,"11":0},"f":{"0":0,"1":0,"2":0,"3":0,"4":0,"5":0,"6":0,"7":0},"b":{"0":[0],"1":[0],"2":[0],"3":[0],"4":[0,0]},"_coverageSchema":"1a1c01bbd47fc00a2c39e90264f33305004495a9","hash":"d82e0c12b636b3ae1f41cd4f0621e83dad49ec55"}
}
